[debug] [2018-12-26T16:26:49.997Z] ----------------------------------------------------------------------
[debug] [2018-12-26T16:26:49.999Z] Command:       /usr/local/bin/node /usr/local/bin/firebase deploy
[debug] [2018-12-26T16:26:49.999Z] CLI Version:   4.2.1
[debug] [2018-12-26T16:26:49.999Z] Platform:      darwin
[debug] [2018-12-26T16:26:49.999Z] Node Version:  v8.11.4
[debug] [2018-12-26T16:26:49.999Z] Time:          Wed Dec 26 2018 23:26:49 GMT+0700 (+07)
[debug] [2018-12-26T16:26:49.999Z] ----------------------------------------------------------------------
[debug] 
[debug] [2018-12-26T16:26:50.009Z] > command requires scopes: ["email","openid","https://www.googleapis.com/auth/cloudplatformprojects.readonly","https://www.googleapis.com/auth/firebase","https://www.googleapis.com/auth/cloud-platform"]
[debug] [2018-12-26T16:26:50.010Z] > authorizing via signed-in user
[debug] [2018-12-26T16:26:50.011Z] >>> HTTP REQUEST GET https://admin.firebase.com/v1/projects/ancientcity-5c152  
 
[debug] [2018-12-26T16:26:51.311Z] <<< HTTP RESPONSE 200
[info] 
[info] === Deploying to 'ancientcity-5c152'...
[info] 
[info] i  deploying database, storage, hosting
[info] i  database: checking rules syntax...
[debug] [2018-12-26T16:26:51.317Z] >>> HTTP REQUEST PUT https://ancientcity-5c152.firebaseio.com/.settings/rules.json?dryRun=true  
 {
  /* Visit https://firebase.google.com/docs/database/security to learn more about security rules. */
  "rules": {
    ".read": true,
    ".write": true
  }
}
[debug] [2018-12-26T16:26:52.610Z] <<< HTTP RESPONSE 200
[info] ✔  database: rules syntax for database ancientcity-5c152 is valid
[debug] [2018-12-26T16:26:52.611Z] >>> HTTP REQUEST GET https://appengine.googleapis.com/v1/apps/ancientcity-5c152  
 
[debug] [2018-12-26T16:26:54.272Z] <<< HTTP RESPONSE 200
[info] i  storage: checking storage.rules for compilation errors...
[debug] [2018-12-26T16:26:54.274Z] >>> HTTP REQUEST POST https://firebaserules.googleapis.com/v1/projects/ancientcity-5c152:test  

[debug] [2018-12-26T16:26:55.747Z] <<< HTTP RESPONSE 200
[info] ✔  storage: rules file storage.rules compiled successfully
[debug] [2018-12-26T16:26:55.749Z] >>> HTTP REQUEST POST https://firebasehosting.googleapis.com/v1beta1/sites/ancientcity-5c152/versions  

[debug] [2018-12-26T16:26:57.695Z] <<< HTTP RESPONSE 200
[info] i  storage: uploading rules storage.rules...
[debug] [2018-12-26T16:26:57.696Z] >>> HTTP REQUEST POST https://firebaserules.googleapis.com/v1/projects/ancientcity-5c152/rulesets  

[debug] [2018-12-26T16:26:59.289Z] <<< HTTP RESPONSE 200
[debug] [2018-12-26T16:26:59.289Z] [rules] created ruleset projects/ancientcity-5c152/rulesets/463bd7ba-3759-4c4e-827c-fe6dad1ee150
[info] i  hosting[ancientcity-5c152]: beginning deploy...
[info] i  hosting[ancientcity-5c152]: found 1506 files in public
[debug] [2018-12-26T16:26:59.559Z] >>> HTTP REQUEST POST https://firebasehosting.googleapis.com/v1beta1/sites/ancientcity-5c152/versions/2c6ee6384c40515f:populateFiles  
 <request body omitted>
[debug] [2018-12-26T16:26:59.596Z] [hosting] hash cache [cHVibGlj] stored for 1506 files
[debug] [2018-12-26T16:26:59.596Z] [hosting][hash queue][FINAL]
[debug] [2018-12-26T16:26:59.597Z] >>> HTTP REQUEST POST https://firebasehosting.googleapis.com/v1beta1/sites/ancientcity-5c152/versions/2c6ee6384c40515f:populateFiles  
 <request body omitted>
[debug] [2018-12-26T16:27:02.947Z] <<< HTTP RESPONSE 200
[debug] [2018-12-26T16:27:03.391Z] <<< HTTP RESPONSE 200
[debug] [2018-12-26T16:27:03.392Z] [hosting][populate queue][FINAL]
[debug] [2018-12-26T16:27:03.392Z] [hosting] uploads queued: 6
